2025-01-15 13:59:44,260 - ERROR - 'park_name'
2025-01-15 14:00:43,638 - ERROR - 'C'
2025-01-15 14:01:09,318 - INFO - Finish getting industrial parks
2025-01-15 14:01:56,911 - ERROR - 'C'
2025-01-15 14:02:09,517 - ERROR - 'C'
2025-01-15 14:03:23,144 - ERROR - 'C'
2025-01-15 14:06:10,979 - ERROR - 'NoneType' object has no attribute 'group'
2025-01-15 14:08:38,164 - ERROR - 'S'
2025-01-15 14:10:10,737 - INFO - Finish getting industrial parks
2025-01-15 14:13:56,020 - INFO - Finish getting industrial parks
2025-01-15 14:14:31,347 - INFO - Finish getting industrial parks
2025-01-15 14:20:17,455 - INFO - Finish getting industrial parks
2025-01-15 14:21:38,989 - INFO - Finish getting industrial parks
2025-01-15 14:22:02,983 - INFO - Finish getting industrial parks
2025-01-15 14:22:48,308 - INFO - Finish getting industrial parks
2025-01-15 14:22:57,568 - INFO - Finish getting industrial parks
2025-01-15 14:24:15,949 - INFO - Finish getting industrial parks
2025-01-15 14:24:22,285 - INFO - Finish getting industrial parks
2025-01-15 14:26:14,750 - INFO - Finish getting industrial parks
2025-01-15 14:26:24,195 - INFO - Finish getting industrial parks
2025-01-15 14:27:41,535 - INFO - Finish getting industrial parks
2025-01-15 14:29:05,114 - INFO - Finish getting industrial parks
2025-01-15 14:29:33,227 - INFO - Finish getting industrial parks
2025-01-15 14:31:53,269 - INFO - Finish getting industrial parks
2025-01-15 14:32:09,038 - INFO - Finish getting industrial parks
2025-01-15 14:40:50,916 - INFO - Finish getting industrial parks
2025-01-15 14:41:02,594 - INFO - Finish getting industrial parks
2025-01-15 14:53:41,549 - INFO - Finish getting industrial parks
2025-01-15 14:53:41,597 - INFO - Schema created successfully
2025-01-15 14:53:43,194 - ERROR - Error in import process: not all arguments converted during string formatting
2025-01-15 14:54:40,446 - INFO - Finish getting industrial parks
2025-01-15 14:54:40,473 - INFO - Schema created successfully
2025-01-15 14:54:42,008 - ERROR - Error in import process: insert or update on table "general_businesses" violates foreign key constraint "general_businesses_industrial_park_fkey"
DETAIL:  Key (industrial_park)=(144) is not present in table "industrial_parks".

2025-01-15 14:55:28,697 - INFO - Finish getting industrial parks
2025-01-15 14:55:28,728 - INFO - Schema created successfully
2025-01-15 14:56:38,814 - INFO - Finish getting industrial parks
2025-01-15 14:56:38,851 - INFO - Schema created successfully
2025-01-15 14:57:29,379 - ERROR - Error in import process: insert or update on table "general_businesses" violates foreign key constraint "general_businesses_industrial_park_fkey"
DETAIL:  Key (industrial_park)=(426) is not present in table "industrial_parks".

2025-01-15 14:59:38,952 - INFO - Finish getting industrial parks
2025-01-15 14:59:38,992 - INFO - Schema created successfully
2025-01-15 14:59:40,763 - ERROR - Error in import process: can't adapt type 'numpy.int64'
2025-01-15 14:59:56,722 - INFO - Finish getting industrial parks
2025-01-15 14:59:56,753 - INFO - Schema created successfully
2025-01-15 15:02:31,967 - INFO - Finish getting industrial parks
2025-01-15 15:02:32,102 - INFO - Schema created successfully
2025-01-15 15:04:46,031 - INFO - Finish getting industrial parks
2025-01-15 15:04:46,076 - INFO - Schema created successfully
2025-01-15 15:04:47,662 - ERROR - Error in import process: can't adapt type 'numpy.int64'
2025-01-15 15:04:54,277 - INFO - Finish getting industrial parks
2025-01-15 15:04:54,302 - INFO - Schema created successfully
2025-01-15 15:06:37,530 - INFO - Finish getting industrial parks
2025-01-15 15:06:37,562 - INFO - Schema created successfully
2025-01-15 15:06:48,736 - INFO - Successfully imported all data
2025-01-15 15:09:10,674 - INFO - Finish getting industrial parks
2025-01-15 15:09:10,735 - INFO - Schema created successfully
2025-01-15 15:09:21,994 - INFO - Successfully imported all data
2025-01-15 15:21:15,035 - INFO - Finish getting industrial parks
2025-01-15 15:21:15,181 - INFO - Schema created successfully
2025-01-15 15:21:19,761 - ERROR - Error in import process: duplicate key value violates unique constraint "park_placement_pkey"
DETAIL:  Key (park_id, div_id)=(6, 106) already exists.

2025-01-15 15:22:03,227 - INFO - Finish getting industrial parks
2025-01-15 15:22:03,313 - INFO - Schema created successfully
2025-01-15 15:22:25,781 - INFO - Successfully imported all data
2025-01-15 16:04:47,507 - INFO - Finish getting industrial parks
2025-01-17 09:36:19,911 - INFO - Finish getting industrial parks
2025-01-17 09:36:20,019 - INFO - Schema created successfully
2025-01-17 09:36:43,620 - INFO - Successfully imported all data
2025-01-21 09:03:51,850 - INFO - Finish getting industrial parks
2025-01-21 11:10:06,339 - INFO - Finish getting industrial parks
2025-01-21 11:10:06,397 - ERROR - Error creating schema: syntax error at or near ")"
LINE 56:             );
                     ^

2025-01-21 11:10:06,405 - ERROR - Error in import process: syntax error at or near ")"
LINE 56:             );
                     ^

2025-01-21 11:10:50,427 - INFO - Finish getting industrial parks
2025-01-21 11:10:50,527 - INFO - Schema created successfully
2025-01-21 11:10:53,947 - ERROR - Error processing shareholders: 'float' object has no attribute 'strip'
2025-01-21 11:10:53,947 - ERROR - Error in import process: 'float' object has no attribute 'strip'
2025-01-21 11:12:24,137 - INFO - Finish getting industrial parks
2025-01-21 11:12:24,297 - INFO - Schema created successfully
2025-01-21 11:13:39,932 - INFO - Finish getting industrial parks
2025-01-21 11:13:39,997 - INFO - Schema created successfully
2025-01-21 11:16:49,969 - INFO - Finish getting industrial parks
2025-01-21 11:16:50,025 - INFO - Schema created successfully
2025-01-21 11:17:54,296 - INFO - Finish getting industrial parks
2025-01-21 11:17:54,366 - INFO - Schema created successfully
2025-01-21 11:18:20,266 - INFO - Finish getting industrial parks
2025-01-21 11:18:20,332 - INFO - Schema created successfully
2025-01-21 11:18:32,556 - INFO - Finish getting industrial parks
2025-01-21 11:18:32,706 - INFO - Schema created successfully
2025-01-21 11:19:12,629 - INFO - Finish getting industrial parks
2025-01-21 11:19:12,686 - INFO - Schema created successfully
2025-01-21 11:20:07,643 - INFO - Finish getting industrial parks
2025-01-21 11:20:07,703 - INFO - Schema created successfully
2025-01-21 11:20:52,136 - INFO - Finish getting industrial parks
2025-01-21 11:20:52,199 - INFO - Schema created successfully
2025-01-21 11:20:57,622 - ERROR - Error processing shareholders: 'shareholder'
2025-01-21 11:20:57,622 - ERROR - Error in import process: 'shareholder'
2025-01-21 11:21:38,110 - INFO - Finish getting industrial parks
2025-01-21 11:21:38,166 - INFO - Schema created successfully
2025-01-21 11:21:43,382 - ERROR - Error processing shareholders: syntax error at or near "ON"
LINE 6:                             ON CONFLICT DO NOTHING
                                    ^

2025-01-21 11:21:43,382 - ERROR - Error in import process: syntax error at or near "ON"
LINE 6:                             ON CONFLICT DO NOTHING
                                    ^

2025-01-21 11:22:00,947 - INFO - Finish getting industrial parks
2025-01-21 11:22:00,996 - INFO - Schema created successfully
2025-01-21 11:22:07,895 - INFO - Finish processing shareaholders
2025-01-21 11:22:08,036 - ERROR - Error in import process: 'NoneType' object is not subscriptable
2025-01-21 11:23:00,750 - INFO - Finish getting industrial parks
2025-01-21 11:23:00,898 - INFO - Schema created successfully
2025-01-21 11:23:11,571 - INFO - Finish processing shareholders
2025-01-21 11:23:29,130 - INFO - Finish getting industrial parks
2025-01-21 11:23:29,179 - INFO - Schema created successfully
2025-01-21 11:23:43,561 - INFO - Finish processing shareholders
2025-01-21 11:23:43,708 - ERROR - Error in import process: column "name" of relation "business_shareholder" does not exist
LINE 2: ...   INSERT INTO business_shareholder (business_id, name, type...
                                                             ^

2025-01-21 11:25:22,218 - INFO - Finish getting industrial parks
2025-01-21 11:25:22,275 - INFO - Schema created successfully
2025-01-21 11:26:37,752 - INFO - Finish getting industrial parks
2025-01-21 11:26:37,805 - INFO - Schema created successfully
2025-01-21 11:27:18,696 - INFO - Finish getting industrial parks
2025-01-21 11:27:18,855 - INFO - Schema created successfully
2025-01-21 11:28:50,736 - INFO - Finish getting industrial parks
2025-01-21 11:28:50,795 - INFO - Schema created successfully
2025-01-21 11:29:25,986 - INFO - Finish getting industrial parks
2025-01-21 11:29:26,045 - INFO - Schema created successfully
2025-01-21 11:29:43,188 - INFO - Finish processing shareholders
2025-01-21 11:29:43,345 - ERROR - Error in import process: column "id" of relation "business_shareholder" does not exist
LINE 2: ...    INSERT INTO business_shareholder (business_id, id, type)
                                                              ^

2025-01-21 11:30:07,878 - INFO - Finish getting industrial parks
2025-01-21 11:30:07,936 - INFO - Schema created successfully
2025-01-21 11:30:28,549 - INFO - Finish processing shareholders
2025-01-21 11:31:31,509 - INFO - Successfully imported all data
2025-01-21 11:34:13,279 - INFO - Finish getting industrial parks
2025-01-21 11:34:13,376 - INFO - Schema created successfully
2025-01-21 11:34:20,325 - INFO - Finish processing shareholders
2025-01-21 11:34:42,126 - INFO - Successfully imported all data
2025-01-21 13:20:44,477 - INFO - Finish getting industrial parks
2025-01-21 13:20:44,573 - INFO - Schema created successfully
2025-01-21 13:20:51,422 - INFO - Finish processing shareholders
2025-01-21 13:21:13,446 - INFO - Successfully imported all data
2025-01-21 16:15:48,535 - ERROR - relation "industrial_parks" does not exist
LINE 4:                 FROM industrial_parks
                             ^

2025-01-21 16:16:08,048 - INFO - Finish getting industrial parks
2025-01-21 16:16:08,160 - INFO - Schema created successfully
2025-01-21 16:16:15,106 - INFO - Finish processing shareholders
2025-01-21 16:16:15,322 - ERROR - column provinces.id does not exist
LINE 2:                 SELECT provinces.id
                               ^

2025-01-21 16:16:15,322 - ERROR - Error in import process: column provinces.id does not exist
LINE 2:                 SELECT provinces.id
                               ^

2025-01-21 16:17:33,735 - INFO - Finish getting industrial parks
2025-01-21 16:17:33,792 - INFO - Schema created successfully
2025-01-21 16:17:43,878 - INFO - Finish processing shareholders
2025-01-21 16:17:44,023 - ERROR - Error in import process: insert or update on table "general_businesses" violates foreign key constraint "general_businesses_area_id_fkey"
DETAIL:  Key (area_id)=(25234) is not present in table "admin_divisions".

2025-01-21 16:20:44,820 - INFO - Finish getting industrial parks
2025-01-21 16:20:44,884 - ERROR - Error creating schema: foreign key constraint "park_placement_div_id_fkey" cannot be implemented
DETAIL:  Key columns "div_id" and "code" are of incompatible types: integer and character varying.

2025-01-21 16:20:44,884 - ERROR - Error in import process: foreign key constraint "park_placement_div_id_fkey" cannot be implemented
DETAIL:  Key columns "div_id" and "code" are of incompatible types: integer and character varying.

2025-01-21 16:21:32,552 - INFO - Finish getting industrial parks
2025-01-21 16:21:32,665 - INFO - Schema created successfully
2025-01-21 16:21:39,271 - INFO - Finish processing shareholders
2025-01-21 16:21:39,680 - ERROR - 'NoneType' object is not subscriptable
2025-01-21 16:21:39,680 - ERROR - Error in import process: 'NoneType' object is not subscriptable
2025-01-21 16:21:57,313 - INFO - Finish getting industrial parks
2025-01-21 16:21:57,369 - INFO - Schema created successfully
2025-01-21 16:22:17,037 - INFO - Finish processing shareholders
2025-01-21 16:23:57,440 - INFO - Finish getting industrial parks
2025-01-21 16:23:57,593 - INFO - Schema created successfully
2025-01-21 16:24:20,518 - INFO - Finish processing shareholders
2025-01-21 16:45:46,026 - INFO - Finish getting industrial parks
2025-01-21 16:45:46,097 - INFO - Schema created successfully
2025-01-21 16:46:03,038 - INFO - Finish processing shareholders
2025-01-21 16:46:03,791 - ERROR - 'NoneType' object is not subscriptable
2025-01-21 16:46:03,792 - ERROR - Error in import process: 'NoneType' object is not subscriptable
2025-01-22 09:42:43,996 - INFO - Finish getting industrial parks
2025-01-22 09:42:44,051 - INFO - Schema created successfully
2025-01-22 09:43:13,333 - INFO - Finish processing shareholders
2025-01-22 09:43:56,501 - INFO - Finish getting industrial parks
2025-01-22 09:43:56,572 - INFO - Schema created successfully
2025-01-22 09:44:29,144 - INFO - Finish processing shareholders
2025-01-22 09:44:49,620 - INFO - Finish getting industrial parks
2025-01-22 09:44:49,668 - INFO - Schema created successfully
2025-01-22 09:45:28,405 - INFO - Finish processing shareholders
2025-01-22 09:46:19,519 - INFO - Finish getting industrial parks
2025-01-22 09:46:19,578 - INFO - Schema created successfully
2025-01-22 09:46:59,471 - INFO - Finish processing shareholders
2025-01-22 09:53:11,549 - INFO - Finish getting industrial parks
2025-01-22 09:53:11,607 - INFO - Schema created successfully
2025-01-22 09:53:55,484 - INFO - Finish processing shareholders
2025-01-22 10:09:49,151 - INFO - Finish getting industrial parks
2025-01-22 10:10:17,781 - INFO - Finish getting industrial parks
2025-01-22 10:10:17,965 - INFO - Schema created successfully
2025-01-22 10:10:33,230 - INFO - Finish processing shareholders
2025-01-22 10:11:11,655 - INFO - Finish getting industrial parks
2025-01-22 10:11:11,773 - INFO - Schema created successfully
2025-01-22 10:11:30,883 - INFO - Finish processing shareholders
2025-01-22 10:13:28,402 - INFO - Finish getting industrial parks
2025-01-22 10:13:28,514 - INFO - Schema created successfully
2025-01-22 10:13:50,889 - INFO - Finish processing shareholders
2025-01-22 10:32:02,888 - INFO - Successfully imported all data
2025-01-22 10:39:33,537 - INFO - Finish getting industrial parks
2025-01-22 10:39:33,713 - INFO - Schema created successfully
2025-01-22 10:39:40,797 - INFO - Finish processing shareholders
2025-01-22 10:50:49,691 - INFO - Successfully imported all data
2025-01-22 11:02:14,638 - INFO - Finish getting industrial parks
2025-01-22 11:02:14,773 - INFO - Schema created successfully
2025-01-22 11:02:33,543 - INFO - Finish getting industrial parks
2025-01-22 11:02:33,687 - INFO - Schema created successfully
2025-01-22 11:03:46,306 - INFO - Finish getting industrial parks
2025-01-22 11:03:46,477 - INFO - Schema created successfully
2025-01-22 11:03:53,512 - INFO - Finish processing shareholders
2025-01-22 11:03:53,657 - ERROR - Error in import process: 'VNBusinessImporter' object has no attribute 'test_array'
2025-01-22 11:04:50,093 - INFO - Finish getting industrial parks
2025-01-22 11:04:50,258 - INFO - Schema created successfully
2025-01-22 11:05:00,677 - INFO - Finish processing shareholders
2025-01-22 11:14:30,841 - INFO - Successfully imported all data
2025-01-22 11:26:31,231 - INFO - Finish getting industrial parks
2025-01-22 11:26:31,325 - INFO - Schema created successfully
2025-01-22 11:26:34,625 - INFO - Finish processing shareholders
2025-01-22 11:33:14,166 - INFO - Successfully imported all data
2025-01-22 11:41:55,482 - INFO - Finish getting industrial parks
2025-01-22 11:41:55,526 - INFO - Schema created successfully
2025-01-22 11:41:58,656 - INFO - Finish processing shareholders
2025-01-22 11:48:42,832 - INFO - Successfully imported all data
