2025-01-13 08:34:55,451 - ERROR - '1'
2025-01-13 08:35:21,173 - ERROR - QueryPrompter.query_data_raw() takes 3 positional arguments but 4 were given
2025-01-13 08:36:08,684 - ERROR - connection to server at "localhost" (::1), port 5432 failed: fe_sendauth: no password supplied

2025-01-13 08:38:37,324 - ERROR - connection to server at "localhost" (::1), port 5432 failed: fe_sendauth: no password supplied

2025-01-13 08:40:25,780 - INFO - Finish returning query results
2025-01-13 08:42:12,502 - ERROR - column "kcn" does not exist
LINE 9:         WHERE industrial_zones.name LIKE ''%KCN %''
                                                    ^

2025-01-13 08:42:12,502 - INFO - Finish returning query results
2025-01-13 08:42:12,502 - ERROR - column "kcn" does not exist
LINE 9:         WHERE industrial_zones.name LIKE ''%KCN %''
                                                    ^

2025-01-13 08:42:30,158 - INFO - Finish returning query results
2025-01-13 08:42:30,477 - ERROR - [Errno 13] Permission denied: 'C:\\Users\\dangq\\Documents\\2024_LOGICAL_Internship\\logical2024_Internship\\query_output.xlsx'
2025-01-13 08:47:59,725 - INFO - Finish returning query results
2025-01-13 08:47:59,725 - ERROR - 'NoneType' object is not iterable
2025-01-13 08:48:37,845 - INFO - Finish returning query results
2025-01-13 08:48:42,681 - ERROR - list indices must be integers or slices, not str
2025-01-13 08:49:18,145 - INFO - Finish returning query results
2025-01-13 08:49:23,204 - INFO - Finish returning query results
2025-01-13 10:36:11,393 - INFO - Finish returning query results
2025-01-13 10:36:35,070 - INFO - Finish returning query results
2025-01-13 10:36:35,260 - ERROR - [Errno 13] Permission denied: 'C:\\Users\\dangq\\Documents\\2024_LOGICAL_Internship\\logical2024_Internship\\query_output.xlsx'
2025-01-13 10:37:48,889 - INFO - Finish returning query results
2025-01-13 10:37:55,212 - INFO - Finish returning query results
2025-01-17 08:50:55,653 - ERROR - list index out of range
2025-01-17 08:52:42,224 - INFO - Finish returning query results
2025-01-17 08:57:28,263 - ERROR - invalid literal for int() with base 10: '& C:/Users/dangq/AppData/Local/Programs/Python/Python312/python.exe c:/Users/dangq/Documents/2024_LOGICAL_Internship/logical2024_Internship/query_functions.py'
2025-01-17 08:57:43,663 - INFO - Finish returning query results
2025-01-17 08:58:26,065 - INFO - Finish returning query results
2025-01-17 08:58:33,620 - INFO - Finish returning query results
2025-01-21 08:59:03,683 - INFO - Finish returning query results
2025-01-21 08:59:03,690 - ERROR - No module named 'openpyxl'
2025-01-21 09:00:30,508 - INFO - Finish returning query results
2025-01-21 09:04:24,160 - INFO - Finish returning query results
2025-01-21 09:05:08,027 - INFO - Finish returning query results
2025-01-21 09:05:55,587 - INFO - Finish returning query results
2025-01-21 09:06:02,071 - INFO - Finish returning query results
2025-01-21 09:06:31,753 - ERROR - '<=' not supported between instances of 'int' and 'str'
2025-01-21 09:08:00,114 - ERROR - unhashable type: 'list'
2025-01-21 09:09:08,260 - ERROR - unhashable type: 'list'
2025-01-21 09:12:10,348 - INFO - Finish returning query results
2025-01-21 09:47:53,894 - INFO - Finish returning query results
2025-01-21 09:48:38,267 - INFO - Finish returning query results
2025-01-21 09:48:46,463 - INFO - Finish returning query results
2025-01-22 13:31:48,424 - INFO - Finish returning query results
2025-01-22 13:32:48,779 - INFO - Finish returning query results
2025-01-22 13:33:13,834 - INFO - Finish returning query results
2025-01-22 13:33:15,678 - INFO - Finish returning query results
2025-01-22 13:42:17,143 - ERROR - invalid literal for int() with base 10: '& C:/Users/dangq/Documents/Internships/2024_LOGICAL_Internship/logical2024_Internship/.venv/Scripts/python.exe c:/Users/dangq/Documents/Internships/2024_LOGICAL_Internship/logical2024_Internship/main
2025-02-05 11:04:10,428 - INFO - Finished getting raw data
